<?xml version="1.0" encoding="UTF-8"?>
<!-- Generated by org.testng.reporters.JUnitReportReporter -->
<testsuite hostname="Javerias-Mac.local" failures="0" tests="3" name="Tests.LoginTest" time="12.399" errors="0" timestamp="2024-10-11T16:43:00 PKT" skipped="0">
  <testcase classname="Tests.LoginTest" name="testEmptyFields" time="2.255"/>
  <testcase classname="Tests.LoginTest" name="testInvalidEmail" time="3.172"/>
  <testcase classname="Tests.LoginTest" name="testLogin" time="6.972"/>
</testsuite> <!-- Tests.LoginTest -->
