<?xml version="1.0" encoding="UTF-8"?>
<!-- Generated by org.testng.reporters.JUnitReportReporter -->
<testsuite hostname="Javerias-Mac.local" failures="0" tests="1" name="Tests.NavigateToCareersPageTestCases" time="24.127" errors="0" timestamp="2024-09-30T12:25:32 PKT" skipped="0">
  <testcase classname="Tests.NavigateToCareersPageTestCases" name="verifyCareersPageFlow" time="24.127"/>
</testsuite> <!-- Tests.NavigateToCareersPageTestCases -->
