<?xml version="1.0" encoding="UTF-8"?>
<!-- Generated by org.testng.reporters.JUnitReportReporter -->
<testsuite hostname="macs-MBP.home" failures="0" tests="2" name="Tests.SignUpTestCases" time="9.050" errors="0" timestamp="2024-07-24T23:48:59 CEST" skipped="0">
  <testcase classname="Tests.SignUpTestCases" name="signUpWithValidInput" time="3.980"/>
  <testcase classname="Tests.SignUpTestCases" name="signUpWithExistingCreds" time="5.070"/>
</testsuite> <!-- Tests.SignUpTestCases -->
